1745353905.513992 client started (3953159): version 2.7, socket /tmp/tmux-79563/default, protocol 8
1745353905.514008 on Linux 4.18.0-553.47.1.el8_10.x86_64 #1 SMP Thu Mar 20 10:01:53 EDT 2025; libevent 2.1.8-stable (poll)
1745353905.514018 socket is /tmp/tmux-79563/default
1745353905.514029 trying connect
1745353905.514064 add peer 0x55b9b6165800: 6 ((nil))
1745353905.514391 sending message 100 to peer 0x55b9b6165800 (4 bytes)
1745353905.514396 sending message 101 to peer 0x55b9b6165800 (16 bytes)
1745353905.514399 sending message 102 to peer 0x55b9b6165800 (11 bytes)
1745353905.514401 sending message 108 to peer 0x55b9b6165800 (26 bytes)
1745353905.514403 sending message 104 to peer 0x55b9b6165800 (0 bytes)
1745353905.514406 sending message 107 to peer 0x55b9b6165800 (4 bytes)
1745353905.514408 sending message 105 to peer 0x55b9b6165800 (1790 bytes)
1745353905.514414 sending message 105 to peer 0x55b9b6165800 (22 bytes)
1745353905.514416 sending message 105 to peer 0x55b9b6165800 (53 bytes)
1745353905.514418 sending message 105 to peer 0x55b9b6165800 (17 bytes)
1745353905.514421 sending message 105 to peer 0x55b9b6165800 (23 bytes)
1745353905.514423 sending message 105 to peer 0x55b9b6165800 (23 bytes)
1745353905.514425 sending message 105 to peer 0x55b9b6165800 (47 bytes)
1745353905.514427 sending message 105 to peer 0x55b9b6165800 (12 bytes)
1745353905.514429 sending message 105 to peer 0x55b9b6165800 (14 bytes)
1745353905.514431 sending message 105 to peer 0x55b9b6165800 (35 bytes)
1745353905.514433 sending message 105 to peer 0x55b9b6165800 (15 bytes)
1745353905.514435 sending message 105 to peer 0x55b9b6165800 (16 bytes)
1745353905.514438 sending message 105 to peer 0x55b9b6165800 (25 bytes)
1745353905.514440 sending message 105 to peer 0x55b9b6165800 (13 bytes)
1745353905.514442 sending message 105 to peer 0x55b9b6165800 (53 bytes)
1745353905.514444 sending message 105 to peer 0x55b9b6165800 (18 bytes)
1745353905.514446 sending message 105 to peer 0x55b9b6165800 (12 bytes)
1745353905.514448 sending message 105 to peer 0x55b9b6165800 (24 bytes)
1745353905.514450 sending message 105 to peer 0x55b9b6165800 (13 bytes)
1745353905.514452 sending message 105 to peer 0x55b9b6165800 (30 bytes)
1745353905.514454 sending message 105 to peer 0x55b9b6165800 (18 bytes)
1745353905.514457 sending message 105 to peer 0x55b9b6165800 (19 bytes)
1745353905.514459 sending message 105 to peer 0x55b9b6165800 (35 bytes)
1745353905.514461 sending message 105 to peer 0x55b9b6165800 (39 bytes)
1745353905.514463 sending message 105 to peer 0x55b9b6165800 (25 bytes)
1745353905.514465 sending message 105 to peer 0x55b9b6165800 (19 bytes)
1745353905.514467 sending message 105 to peer 0x55b9b6165800 (28 bytes)
1745353905.514469 sending message 105 to peer 0x55b9b6165800 (26 bytes)
1745353905.514471 sending message 105 to peer 0x55b9b6165800 (21 bytes)
1745353905.514474 sending message 105 to peer 0x55b9b6165800 (16 bytes)
1745353905.514476 sending message 105 to peer 0x55b9b6165800 (27 bytes)
1745353905.514479 sending message 105 to peer 0x55b9b6165800 (13 bytes)
1745353905.514481 sending message 105 to peer 0x55b9b6165800 (8 bytes)
1745353905.514483 sending message 105 to peer 0x55b9b6165800 (15 bytes)
1745353905.514485 sending message 105 to peer 0x55b9b6165800 (55 bytes)
1745353905.514487 sending message 105 to peer 0x55b9b6165800 (32 bytes)
1745353905.514489 sending message 105 to peer 0x55b9b6165800 (438 bytes)
1745353905.514491 sending message 105 to peer 0x55b9b6165800 (36 bytes)
1745353905.514493 sending message 105 to peer 0x55b9b6165800 (14 bytes)
1745353905.514495 sending message 105 to peer 0x55b9b6165800 (35 bytes)
1745353905.514497 sending message 105 to peer 0x55b9b6165800 (145 bytes)
1745353905.514499 sending message 105 to peer 0x55b9b6165800 (16 bytes)
1745353905.514501 sending message 106 to peer 0x55b9b6165800 (0 bytes)
1745353905.514504 sending message 200 to peer 0x55b9b6165800 (4 bytes)
1745353905.514506 client loop enter
1745353905.514728 peer 0x55b9b6165800 message 211
1745353905.514732 client_write: sessions should be nested with care, unset $TMUX to force\n
1745353905.514741 peer 0x55b9b6165800 message 203
1745353905.514744 client loop exit
